[debug] ----------------------------------------------------------------------
[debug] Command:      D:\Program Files\nodejs\node.exe C:\Users\eSushant\AppData\Roaming\npm\node_modules\firebase-tools\bin\firebase serve -p 80 -o 127.0.0.1
[debug] CLI Version:  3.6.1
[debug] Platform:     win32
[debug] Node Version: v6.10.2
[debug] Time:         Tue Apr 25 2017 11:20:09 GMT+0545 (Nepal Standard Time)
[debug] ----------------------------------------------------------------------
[debug] 
[debug] > command requires scopes: ["email","openid","https://www.googleapis.com/auth/cloudplatformprojects.readonly","https://www.googleapis.com/auth/firebase","https://www.googleapis.com/auth/cloud-platform"]
[debug] >>> HTTP REQUEST GET https://admin.firebase.com/v1/projects/test-9e4f5  
 Tue Apr 25 2017 11:20:09 GMT+0545 (Nepal Standard Time)
[debug] <<< HTTP RESPONSE 200
[debug] >>> HTTP REQUEST GET https://admin.firebase.com/v1/database/test-9e4f5/tokens  
 Tue Apr 25 2017 11:20:12 GMT+0545 (Nepal Standard Time)
[debug] <<< HTTP RESPONSE 200
[info] Starting Firebase development server...
[info] 
[info] Project Directory: E:\SandBox\friendlychat-master\web-start
[debug] >>> HTTP REQUEST GET https://cloudresourcemanager.googleapis.com/v1/projects/test-9e4f5  
 Tue Apr 25 2017 11:20:14 GMT+0545 (Nepal Standard Time)
[debug] <<< HTTP RESPONSE 200
[debug] >>> HTTP REQUEST GET https://mobilesdk-pa.googleapis.com/v1/projects/10402864181/clients/_:getWebAppConfig  
 Tue Apr 25 2017 11:20:16 GMT+0545 (Nepal Standard Time)
[debug] <<< HTTP RESPONSE 200
[info] Public Directory: ./
[info] 
[info] Server listening at: http://127.0.0.1:80
